  Image.cpp
C:\Users\seNNNz0rel\Documents\Lab Sem II\ImageProcessing\ImageProcessing\Image.cpp(102,21): warning C4018: '<': signed/unsigned mismatch
C:\Users\seNNNz0rel\Documents\Lab Sem II\ImageProcessing\ImageProcessing\Image.cpp(113,21): warning C4018: '<': signed/unsigned mismatch
C:\Users\seNNNz0rel\Documents\Lab Sem II\ImageProcessing\ImageProcessing\Image.cpp(123,21): warning C4018: '<': signed/unsigned mismatch
C:\Users\seNNNz0rel\Documents\Lab Sem II\ImageProcessing\ImageProcessing\Image.cpp(126,21): warning C4018: '<': signed/unsigned mismatch
C:\Users\seNNNz0rel\Documents\Lab Sem II\ImageProcessing\ImageProcessing\Image.cpp(127,22): warning C4018: '<': signed/unsigned mismatch
C:\Users\seNNNz0rel\Documents\Lab Sem II\ImageProcessing\ImageProcessing\Image.cpp(142,21): warning C4018: '<': signed/unsigned mismatch
C:\Users\seNNNz0rel\Documents\Lab Sem II\ImageProcessing\ImageProcessing\Image.cpp(146,21): warning C4018: '<': signed/unsigned mismatch
C:\Users\seNNNz0rel\Documents\Lab Sem II\ImageProcessing\ImageProcessing\Image.cpp(147,22): warning C4018: '<': signed/unsigned mismatch
C:\Users\seNNNz0rel\Documents\Lab Sem II\ImageProcessing\ImageProcessing\Image.cpp(199,21): warning C4018: '<': signed/unsigned mismatch
C:\Users\seNNNz0rel\Documents\Lab Sem II\ImageProcessing\ImageProcessing\Image.cpp(200,22): warning C4018: '<': signed/unsigned mismatch
C:\Users\seNNNz0rel\Documents\Lab Sem II\ImageProcessing\ImageProcessing\Image.cpp(231,21): warning C4018: '<': signed/unsigned mismatch
C:\Users\seNNNz0rel\Documents\Lab Sem II\ImageProcessing\ImageProcessing\Image.cpp(232,22): warning C4018: '<': signed/unsigned mismatch
C:\Users\seNNNz0rel\Documents\Lab Sem II\ImageProcessing\ImageProcessing\Image.cpp(244,21): warning C4018: '<': signed/unsigned mismatch
C:\Users\seNNNz0rel\Documents\Lab Sem II\ImageProcessing\ImageProcessing\Image.cpp(246,22): warning C4018: '<': signed/unsigned mismatch
C:\Users\seNNNz0rel\Documents\Lab Sem II\ImageProcessing\ImageProcessing\Image.cpp(260,21): warning C4018: '<': signed/unsigned mismatch
C:\Users\seNNNz0rel\Documents\Lab Sem II\ImageProcessing\ImageProcessing\Image.cpp(261,22): warning C4018: '<': signed/unsigned mismatch
C:\Users\seNNNz0rel\Documents\Lab Sem II\ImageProcessing\ImageProcessing\Image.cpp(273,21): warning C4018: '<': signed/unsigned mismatch
C:\Users\seNNNz0rel\Documents\Lab Sem II\ImageProcessing\ImageProcessing\Image.cpp(274,22): warning C4018: '<': signed/unsigned mismatch
C:\Users\seNNNz0rel\Documents\Lab Sem II\ImageProcessing\ImageProcessing\Image.cpp(286,21): warning C4018: '<': signed/unsigned mismatch
C:\Users\seNNNz0rel\Documents\Lab Sem II\ImageProcessing\ImageProcessing\Image.cpp(287,22): warning C4018: '<': signed/unsigned mismatch
C:\Users\seNNNz0rel\Documents\Lab Sem II\ImageProcessing\ImageProcessing\Image.cpp(298,21): warning C4018: '<': signed/unsigned mismatch
C:\Users\seNNNz0rel\Documents\Lab Sem II\ImageProcessing\ImageProcessing\Image.cpp(299,22): warning C4018: '<': signed/unsigned mismatch
C:\Users\seNNNz0rel\Documents\Lab Sem II\ImageProcessing\ImageProcessing\Image.cpp(310,21): warning C4018: '<': signed/unsigned mismatch
C:\Users\seNNNz0rel\Documents\Lab Sem II\ImageProcessing\ImageProcessing\Image.cpp(311,22): warning C4018: '<': signed/unsigned mismatch
C:\Users\seNNNz0rel\Documents\Lab Sem II\ImageProcessing\ImageProcessing\Image.cpp(322,21): warning C4018: '<': signed/unsigned mismatch
C:\Users\seNNNz0rel\Documents\Lab Sem II\ImageProcessing\ImageProcessing\Image.cpp(323,22): warning C4018: '<': signed/unsigned mismatch
C:\Users\seNNNz0rel\Documents\Lab Sem II\ImageProcessing\ImageProcessing\Image.cpp(334,21): warning C4018: '<': signed/unsigned mismatch
C:\Users\seNNNz0rel\Documents\Lab Sem II\ImageProcessing\ImageProcessing\Image.cpp(335,22): warning C4018: '<': signed/unsigned mismatch
C:\Users\seNNNz0rel\Documents\Lab Sem II\ImageProcessing\ImageProcessing\Image.cpp(354,21): warning C4018: '<': signed/unsigned mismatch
C:\Users\seNNNz0rel\Documents\Lab Sem II\ImageProcessing\ImageProcessing\Image.cpp(368,22): warning C4018: '<': signed/unsigned mismatch
C:\Users\seNNNz0rel\Documents\Lab Sem II\ImageProcessing\ImageProcessing\Image.cpp(368,50): warning C4018: '<': signed/unsigned mismatch
C:\Users\seNNNz0rel\Documents\Lab Sem II\ImageProcessing\ImageProcessing\Image.cpp(385,22): warning C4018: '<': signed/unsigned mismatch
C:\Users\seNNNz0rel\Documents\Lab Sem II\ImageProcessing\ImageProcessing\Image.cpp(385,50): warning C4018: '<': signed/unsigned mismatch
C:\Users\seNNNz0rel\Documents\Lab Sem II\ImageProcessing\ImageProcessing\Image.cpp(400,21): warning C4018: '<': signed/unsigned mismatch
C:\Users\seNNNz0rel\Documents\Lab Sem II\ImageProcessing\ImageProcessing\Image.cpp(401,22): warning C4018: '<': signed/unsigned mismatch
  ImageProcessing.cpp
C:\Users\seNNNz0rel\Documents\Lab Sem II\ImageProcessing\ImageProcessing\ImageProcessing.cpp(21,21): warning C4018: '<': signed/unsigned mismatch
C:\Users\seNNNz0rel\Documents\Lab Sem II\ImageProcessing\ImageProcessing\ImageProcessing.cpp(22,22): warning C4018: '<': signed/unsigned mismatch
C:\Users\seNNNz0rel\Documents\Lab Sem II\ImageProcessing\ImageProcessing\ImageProcessing.cpp(48,21): warning C4018: '<': signed/unsigned mismatch
C:\Users\seNNNz0rel\Documents\Lab Sem II\ImageProcessing\ImageProcessing\ImageProcessing.cpp(49,22): warning C4018: '<': signed/unsigned mismatch
C:\Users\seNNNz0rel\Documents\Lab Sem II\ImageProcessing\ImageProcessing\ImageProcessing.cpp(93,21): warning C4018: '<': signed/unsigned mismatch
C:\Users\seNNNz0rel\Documents\Lab Sem II\ImageProcessing\ImageProcessing\ImageProcessing.cpp(94,22): warning C4018: '<': signed/unsigned mismatch
C:\Users\seNNNz0rel\Documents\Lab Sem II\ImageProcessing\ImageProcessing\ImageProcessing.cpp(147,25): warning C4018: '<=': signed/unsigned mismatch
C:\Users\seNNNz0rel\Documents\Lab Sem II\ImageProcessing\ImageProcessing\ImageProcessing.cpp(148,26): warning C4018: '<=': signed/unsigned mismatch
  ImageTest.cpp
C:\Users\seNNNz0rel\Documents\Lab Sem II\ImageProcessing\ImageProcessing\ImageTest.cpp(40,22): warning C4018: '<': signed/unsigned mismatch
C:\Users\seNNNz0rel\Documents\Lab Sem II\ImageProcessing\ImageProcessing\ImageTest.cpp(42,23): warning C4018: '<': signed/unsigned mismatch
C:\Users\seNNNz0rel\Documents\Lab Sem II\ImageProcessing\ImageProcessing\ImageTest.cpp(59,22): warning C4018: '<': signed/unsigned mismatch
C:\Users\seNNNz0rel\Documents\Lab Sem II\ImageProcessing\ImageProcessing\ImageTest.cpp(61,23): warning C4018: '<': signed/unsigned mismatch
C:\Users\seNNNz0rel\Documents\Lab Sem II\ImageProcessing\ImageProcessing\ImageTest.cpp(78,22): warning C4018: '<': signed/unsigned mismatch
C:\Users\seNNNz0rel\Documents\Lab Sem II\ImageProcessing\ImageProcessing\ImageTest.cpp(81,23): warning C4018: '<': signed/unsigned mismatch
C:\Users\seNNNz0rel\Documents\Lab Sem II\ImageProcessing\ImageProcessing\ImageTest.cpp(95,22): warning C4018: '<': signed/unsigned mismatch
C:\Users\seNNNz0rel\Documents\Lab Sem II\ImageProcessing\ImageProcessing\ImageTest.cpp(97,23): warning C4018: '<': signed/unsigned mismatch
C:\Users\seNNNz0rel\Documents\Lab Sem II\ImageProcessing\ImageProcessing\ImageTest.cpp(109,22): warning C4018: '<': signed/unsigned mismatch
C:\Users\seNNNz0rel\Documents\Lab Sem II\ImageProcessing\ImageProcessing\ImageTest.cpp(112,23): warning C4018: '<': signed/unsigned mismatch
C:\Users\seNNNz0rel\Documents\Lab Sem II\ImageProcessing\ImageProcessing\ImageTest.cpp(126,22): warning C4018: '<': signed/unsigned mismatch
C:\Users\seNNNz0rel\Documents\Lab Sem II\ImageProcessing\ImageProcessing\ImageTest.cpp(128,23): warning C4018: '<': signed/unsigned mismatch
C:\Users\seNNNz0rel\Documents\Lab Sem II\ImageProcessing\ImageProcessing\ImageTest.cpp(138,22): warning C4018: '<': signed/unsigned mismatch
C:\Users\seNNNz0rel\Documents\Lab Sem II\ImageProcessing\ImageProcessing\ImageTest.cpp(140,23): warning C4018: '<': signed/unsigned mismatch
C:\Users\seNNNz0rel\Documents\Lab Sem II\ImageProcessing\ImageProcessing\ImageTest.cpp(154,22): warning C4018: '<': signed/unsigned mismatch
C:\Users\seNNNz0rel\Documents\Lab Sem II\ImageProcessing\ImageProcessing\ImageTest.cpp(156,23): warning C4018: '<': signed/unsigned mismatch
C:\Users\seNNNz0rel\Documents\Lab Sem II\ImageProcessing\ImageProcessing\ImageTest.cpp(168,22): warning C4018: '<': signed/unsigned mismatch
C:\Users\seNNNz0rel\Documents\Lab Sem II\ImageProcessing\ImageProcessing\ImageTest.cpp(171,23): warning C4018: '<': signed/unsigned mismatch
C:\Users\seNNNz0rel\Documents\Lab Sem II\ImageProcessing\ImageProcessing\ImageTest.cpp(185,22): warning C4018: '<': signed/unsigned mismatch
C:\Users\seNNNz0rel\Documents\Lab Sem II\ImageProcessing\ImageProcessing\ImageTest.cpp(187,23): warning C4018: '<': signed/unsigned mismatch
C:\Users\seNNNz0rel\Documents\Lab Sem II\ImageProcessing\ImageProcessing\ImageTest.cpp(197,22): warning C4018: '<': signed/unsigned mismatch
C:\Users\seNNNz0rel\Documents\Lab Sem II\ImageProcessing\ImageProcessing\ImageTest.cpp(199,23): warning C4018: '<': signed/unsigned mismatch
C:\Users\seNNNz0rel\Documents\Lab Sem II\ImageProcessing\ImageProcessing\ImageTest.cpp(213,22): warning C4018: '<': signed/unsigned mismatch
C:\Users\seNNNz0rel\Documents\Lab Sem II\ImageProcessing\ImageProcessing\ImageTest.cpp(215,23): warning C4018: '<': signed/unsigned mismatch
C:\Users\seNNNz0rel\Documents\Lab Sem II\ImageProcessing\ImageProcessing\ImageTest.cpp(226,22): warning C4018: '<': signed/unsigned mismatch
C:\Users\seNNNz0rel\Documents\Lab Sem II\ImageProcessing\ImageProcessing\ImageTest.cpp(229,23): warning C4018: '<': signed/unsigned mismatch
C:\Users\seNNNz0rel\Documents\Lab Sem II\ImageProcessing\ImageProcessing\ImageTest.cpp(243,22): warning C4018: '<': signed/unsigned mismatch
C:\Users\seNNNz0rel\Documents\Lab Sem II\ImageProcessing\ImageProcessing\ImageTest.cpp(245,23): warning C4018: '<': signed/unsigned mismatch
C:\Users\seNNNz0rel\Documents\Lab Sem II\ImageProcessing\ImageProcessing\ImageTest.cpp(255,22): warning C4018: '<': signed/unsigned mismatch
C:\Users\seNNNz0rel\Documents\Lab Sem II\ImageProcessing\ImageProcessing\ImageTest.cpp(257,23): warning C4018: '<': signed/unsigned mismatch
C:\Users\seNNNz0rel\Documents\Lab Sem II\ImageProcessing\ImageProcessing\ImageTest.cpp(282,22): warning C4018: '<': signed/unsigned mismatch
C:\Users\seNNNz0rel\Documents\Lab Sem II\ImageProcessing\ImageProcessing\ImageTest.cpp(284,23): warning C4018: '<': signed/unsigned mismatch
C:\Users\seNNNz0rel\Documents\Lab Sem II\ImageProcessing\ImageProcessing\ImageTest.cpp(321,22): warning C4018: '<': signed/unsigned mismatch
C:\Users\seNNNz0rel\Documents\Lab Sem II\ImageProcessing\ImageProcessing\ImageTest.cpp(324,23): warning C4018: '<': signed/unsigned mismatch
C:\Users\seNNNz0rel\Documents\Lab Sem II\ImageProcessing\ImageProcessing\ImageTest.cpp(335,22): warning C4018: '<': signed/unsigned mismatch
C:\Users\seNNNz0rel\Documents\Lab Sem II\ImageProcessing\ImageProcessing\ImageTest.cpp(337,23): warning C4018: '<': signed/unsigned mismatch
C:\Users\seNNNz0rel\Documents\Lab Sem II\ImageProcessing\ImageProcessing\ImageTest.cpp(352,22): warning C4018: '<': signed/unsigned mismatch
C:\Users\seNNNz0rel\Documents\Lab Sem II\ImageProcessing\ImageProcessing\ImageTest.cpp(355,23): warning C4018: '<': signed/unsigned mismatch
C:\Users\seNNNz0rel\Documents\Lab Sem II\ImageProcessing\ImageProcessing\ImageTest.cpp(366,22): warning C4018: '<': signed/unsigned mismatch
C:\Users\seNNNz0rel\Documents\Lab Sem II\ImageProcessing\ImageProcessing\ImageTest.cpp(369,23): warning C4018: '<': signed/unsigned mismatch
C:\Users\seNNNz0rel\Documents\Lab Sem II\ImageProcessing\ImageProcessing\ImageTest.cpp(385,22): warning C4018: '<': signed/unsigned mismatch
C:\Users\seNNNz0rel\Documents\Lab Sem II\ImageProcessing\ImageProcessing\ImageTest.cpp(387,23): warning C4018: '<': signed/unsigned mismatch
  main.cpp
  Generating Code...
C:\Users\seNNNz0rel\Documents\Lab Sem II\ImageProcessing\ImageProcessing\ImageTest.cpp(403): warning C4715: 'run_test': not all control paths return a value
  ImageProcessing.vcxproj -> C:\Users\seNNNz0rel\Documents\Lab Sem II\ImageProcessing\x64\Debug\ImageProcessing.exe
